=== BiteFit Agent: 05_audit ===
Started: 06/02/2026 23:00:02
===========================================
Audit complete. Here's the summary:

---

## Audit Results Γאפ 2026-06-02

### Brief Issues Found

**design_brief.md Γאפ 3 issues:**
- Item 1 current state is stale: 9 pages now have `bottom_nav` wired; only 6 remain missing (not the 12 listed). Acceptance criterion references "5 nav icons" but there are now 9.
- Item 5 file list is incomplete Γאפ misses 6 pages that also have `layout="wide"`: `10_chat_log`, `7_weekly_workout_plan`, `2_receipt_scanner`, `3_recipe_detail`, `5_scanner`, `14_settings`.
- Quick-win for `settings.py` (h2/h3 Γזע page_header/section_header) is still unimplemented and has no formal acceptance criterion.

**structure_brief.md Γאפ 1 issue:**
- P0ΓאףP8 security items have no verifiable "Done when:" clause, making closure unauditable.

**research_brief.md Γאפ 1 critical issue:**
- Stale v1 content (lines 164Γאף262) is still appended below the v2 corrections, and still lists Hydration Tracking as a missing feature despite it being fully shipped. Will confuse any implementor reading the file.

### Last Implementor Run

**APPROVED** Γאפ FIX 2 (hydration goal in nutrition_engine.py) is fully correct. Math verified, old function removed, no regressions.

### Next Priority

Wire `bottom_nav()` on the 6 stranded pages + close FIX 3 (water total in `daily_menu.py`) in one session, then do a full `layout="wide"Γזע"centered"` sweep across all 15 remaining pages.
===========================================
Finished: 06/02/2026 23:04:19 (4.29400239666667min) ExitCode: 0
