=== BiteFit Agent: 05_audit ===
Started: 05/31/2026 08:12:07
===========================================
Warning: no stdin data received in 3s, proceeding without it. If piping from a slow command, redirect stdin explicitly: < /dev/null to skip, or wait longer.
Audit complete. Here's the summary:

---

**Briefs:**
- `design_brief.md` and `structure_brief.md` — **both missing**. Pipeline gap.
- `research_brief.md` — two hard issues:
  1. `nutrition_app/agents/agent_11_recipes/` is cited as an existing reuse target but the directory doesn't exist.
  2. The hydration feature says to create `nutrition_app/models/hydration_log.py` — the real model on disk is `water.py`. A cold implementor would create a duplicate.
  3. No measurable acceptance criteria anywhere in the brief — everything is descriptive prose.

**Implementor (last run: hydration page):** **APPROVED with caveats**
- All 6 self-stated criteria verified in source code.
- Two items from the research brief were silently deferred (nutrition_engine extension, daily_menu widget) — they're tracked as FIX 2 and FIX 3 in the feedback file.
- `bottom_nav("water")` key may not highlight correctly — needs a quick check in `ui/components.py`.

**Next priority:** Intermittent Fasting Timer (`pages/15_fasting.py`) — but the research brief needs measurable criteria and explicit scope boundaries written in before the implementor starts.

Feedback written to `storage_agents/briefs/audit_feedback.md`.
===========================================
Finished: 05/31/2026 08:14:11 (2.08095479min) ExitCode: 0
